<?xml version="1.0" encoding="UTF-8"?>
<testng-results skipped="0" failed="0" ignored="0" total="0" passed="0">
  <reporter-output>
  </reporter-output>
  <suite name="AutomationTests" duration-ms="10" started-at="2018-08-17T05:12:14Z" finished-at="2018-08-17T05:12:14Z">
    <groups>
    </groups>
    <test name="testsuite" duration-ms="10" started-at="2018-08-17T05:12:14Z" finished-at="2018-08-17T05:12:14Z">
    </test> <!-- testsuite -->
  </suite> <!-- AutomationTests -->
</testng-results>
